0 info it worked if it ends with ok
1 verbose cli [ 'C:\\Program Files\\nodejs\\node.exe',
1 verbose cli   'C:\\Program Files\\nodejs\\node_modules\\npm\\bin\\npm-cli.js',
1 verbose cli   'run',
1 verbose cli   'run' ]
2 info using npm@3.10.10
3 info using node@v6.9.3
4 verbose run-script [ 'prerun', 'run', 'postrun' ]
5 info lifecycle webpack-1@1.0.0~prerun: webpack-1@1.0.0
6 silly lifecycle webpack-1@1.0.0~prerun: no script for prerun, continuing
7 info lifecycle webpack-1@1.0.0~run: webpack-1@1.0.0
8 verbose lifecycle webpack-1@1.0.0~run: unsafe-perm in lifecycle true
9 verbose lifecycle webpack-1@1.0.0~run: PATH: C:\Program Files\nodejs\node_modules\npm\bin\node-gyp-bin;C:\Users\asus\Desktop\新建文件夹\datashow\node_modules\.bin;C:\Program Files (x86)\Intel\iCLS Client\;C:\Program Files\Intel\iCLS Client\;C:\Windows\system32;C:\Windows;C:\Windows\System32\Wbem;C:\Windows\System32\WindowsPowerShell\v1.0\;C:\Program Files\Intel\Intel(R) Management Engine Components\DAL;C:\Program Files\Intel\Intel(R) Management Engine Components\IPT;C:\Program Files (x86)\Intel\Intel(R) Management Engine Components\DAL;C:\Program Files (x86)\Intel\Intel(R) Management Engine Components\IPT;d:\eda\quartus\bin;C:\Program Files\nodejs\;C:\Users\asus\AppData\Roaming\npm
10 verbose lifecycle webpack-1@1.0.0~run: CWD: C:\Users\asus\Desktop\新建文件夹\datashow
11 silly lifecycle webpack-1@1.0.0~run: Args: [ '/d /s /c',
11 silly lifecycle   'webpack-dev-server --progress --colors --devtool sourcemap ' ]
12 silly lifecycle webpack-1@1.0.0~run: Returned: code: 3221225786  signal: null
13 info lifecycle webpack-1@1.0.0~run: Failed to exec run script
14 verbose stack Error: webpack-1@1.0.0 run: `webpack-dev-server --progress --colors --devtool sourcemap `
14 verbose stack Exit status 3221225786
14 verbose stack     at EventEmitter.<anonymous> (C:\Program Files\nodejs\node_modules\npm\lib\utils\lifecycle.js:255:16)
14 verbose stack     at emitTwo (events.js:106:13)
14 verbose stack     at EventEmitter.emit (events.js:191:7)
14 verbose stack     at ChildProcess.<anonymous> (C:\Program Files\nodejs\node_modules\npm\lib\utils\spawn.js:40:14)
14 verbose stack     at emitTwo (events.js:106:13)
14 verbose stack     at ChildProcess.emit (events.js:191:7)
14 verbose stack     at maybeClose (internal/child_process.js:877:16)
14 verbose stack     at Process.ChildProcess._handle.onexit (internal/child_process.js:226:5)
15 verbose pkgid webpack-1@1.0.0
16 verbose cwd C:\Users\asus\Desktop\新建文件夹\datashow
17 error Windows_NT 6.3.9600
18 error argv "C:\\Program Files\\nodejs\\node.exe" "C:\\Program Files\\nodejs\\node_modules\\npm\\bin\\npm-cli.js" "run" "run"
19 error node v6.9.3
20 error npm  v3.10.10
21 error code ELIFECYCLE
22 error webpack-1@1.0.0 run: `webpack-dev-server --progress --colors --devtool sourcemap `
22 error Exit status 3221225786
23 error Failed at the webpack-1@1.0.0 run script 'webpack-dev-server --progress --colors --devtool sourcemap '.
23 error Make sure you have the latest version of node.js and npm installed.
23 error If you do, this is most likely a problem with the webpack-1 package,
23 error not with npm itself.
23 error Tell the author that this fails on your system:
23 error     webpack-dev-server --progress --colors --devtool sourcemap
23 error You can get information on how to open an issue for this project with:
23 error     npm bugs webpack-1
23 error Or if that isn't available, you can get their info via:
23 error     npm owner ls webpack-1
23 error There is likely additional logging output above.
24 verbose exit [ 1, true ]
